<?xml version="1.0" encoding="UTF-8"?>
<!-- Generated by org.testng.reporters.JUnitXMLReporter -->
<testsuite hostname="DESKTOP-MEGCP4U" name="Default test" tests="3" failures="0" timestamp="19 Jan 2022 13:03:51 GMT" time="119.171" errors="0">
  <testcase name="RIPC_Login" time="56.338" classname="Resubmit_IN_main.ResubmitRequest_IN"/>
  <testcase name="modifyRequestdetails" time="13.401" classname="Resubmit_IN_main.ResubmitRequest_IN"/>
  <testcase name="modifyRequestInfo" time="40.219" classname="Resubmit_IN_main.ResubmitRequest_IN"/>
</testsuite> <!-- Default test -->
